# JRE version: Java(TM) SE Runtime Environment (8.0_25-b18) (build 1.8.0_25-b18)
# Java VM: Java HotSpot(TM) Client VM (25.25-b02 mixed mode windows-x86 )
Heap:
 def new generation   total 4928K, used 1683K [0x04800000, 0x04d50000, 0x19d50000)
  eden space 4416K,  26% used [0x04800000, 0x04924ff0, 0x04c50000)
  from space 512K, 100% used [0x04c50000, 0x04cd0000, 0x04cd0000)
  to   space 512K,   0% used [0x04cd0000, 0x04cd0000, 0x04d50000)
 tenured generation   total 10944K, used 2228K [0x19d50000, 0x1a800000, 0x44800000)
   the space 10944K,  20% used [0x19d50000, 0x19f7d2d0, 0x19f7d400, 0x1a800000)
 Metaspace       used 3005K, capacity 3430K, committed 3520K, reserved 4480K
GC Heap History (4 events):
Event: 0.349 GC heap before
{Heap before GC invocations=0 (full 0):
 def new generation   total 4928K, used 4416K [0x04800000, 0x04d50000, 0x19d50000)
  eden space 4416K, 100% used [0x04800000, 0x04c50000, 0x04c50000)
  from space 512K,   0% used [0x04c50000, 0x04c50000, 0x04cd0000)
  to   space 512K,   0% used [0x04cd0000, 0x04cd0000, 0x04d50000)
 tenured generation   total 10944K, used 0K [0x19d50000, 0x1a800000, 0x44800000)
   the space 10944K,   0% used [0x19d50000, 0x19d50000, 0x19d50200, 0x1a800000)
 Metaspace       used 2542K, capacity 3046K, committed 3136K, reserved 4480K
Event: 0.354 GC heap after
Heap after GC invocations=1 (full 0):
 def new generation   total 4928K, used 512K [0x04800000, 0x04d50000, 0x19d50000)
  eden space 4416K,   0% used [0x04800000, 0x04800000, 0x04c50000)
  from space 512K, 100% used [0x04cd0000, 0x04d50000, 0x04d50000)
  to   space 512K,   0% used [0x04c50000, 0x04c50000, 0x04cd0000)
 tenured generation   total 10944K, used 1065K [0x19d50000, 0x1a800000, 0x44800000)
   the space 10944K,   9% used [0x19d50000, 0x19e5a4e8, 0x19e5a600, 0x1a800000)
 Metaspace       used 2542K, capacity 3046K, committed 3136K, reserved 4480K
}
Event: 0.582 GC heap before
{Heap before GC invocations=1 (full 0):
 def new generation   total 4928K, used 4928K [0x04800000, 0x04d50000, 0x19d50000)
  eden space 4416K, 100% used [0x04800000, 0x04c50000, 0x04c50000)
  from space 512K, 100% used [0x04cd0000, 0x04d50000, 0x04d50000)
  to   space 512K,   0% used [0x04c50000, 0x04c50000, 0x04cd0000)
 tenured generation   total 10944K, used 1065K [0x19d50000, 0x1a800000, 0x44800000)
   the space 10944K,   9% used [0x19d50000, 0x19e5a4e8, 0x19e5a600, 0x1a800000)
 Metaspace       used 2997K, capacity 3430K, committed 3520K, reserved 4480K
Event: 0.588 GC heap after
Heap after GC invocations=2 (full 0):
 def new generation   total 4928K, used 512K [0x04800000, 0x04d50000, 0x19d50000)
  eden space 4416K,   0% used [0x04800000, 0x04800000, 0x04c50000)
  from space 512K, 100% used [0x04c50000, 0x04cd0000, 0x04cd0000)
  to   space 512K,   0% used [0x04cd0000, 0x04cd0000, 0x04d50000)
 tenured generation   total 10944K, used 2228K [0x19d50000, 0x1a800000, 0x44800000)
   the space 10944K,  20% used [0x19d50000, 0x19f7d2d0, 0x19f7d400, 0x1a800000)
 Metaspace       used 2997K, capacity 3430K, committed 3520K, reserved 4480K
}

